<?xml version="1.0" encoding="UTF-8"?>
<!-- Generated by org.testng.reporters.JUnitXMLReporter -->
<testsuite hostname="admin-PC" ignored="0" name="GTest" tests="5" failures="1" timestamp="17 Nov 2017 18:26:53 GMT" time="45.06" errors="0">
  <testcase name="dumyTest" time="0.035" classname="testNGScripts.GmailLogin">
    <failure type="java.lang.AssertionError" message="expected [13] but found [12]">
      <![CDATA[java.lang.AssertionError: expected [13] but found [12]
	at testNGScripts.GmailLogin.dumyTest(GmailLogin.java:52)
... Removed 31 stack frames]]>
    </failure>
  </testcase> <!-- dumyTest -->
  <testcase name="navigateToUrl" time="13.165" classname="testNGScripts.GmailLogin"/>
  <testcase name="gmailSignInPage" time="7.452" classname="testNGScripts.GmailLogin"/>
  <testcase name="gmailLogin" time="7.621" classname="testNGScripts.GmailLogin"/>
  <testcase name="gmailLogout" time="0.006" classname="testNGScripts.GmailLogin"/>
</testsuite> <!-- GTest -->
