<?xml version="1.0" encoding="UTF-8"?>
<!-- Generated by org.testng.reporters.JUnitXMLReporter -->
<testsuite hostname="admin-PC" ignored="0" name="STest" tests="5" failures="1" timestamp="17 Nov 2017 18:27:44 GMT" time="50.25" errors="0">
  <testcase name="dumyTest" time="0.008" classname="testNGScripts.GmailLogin">
    <failure type="java.lang.AssertionError" message="expected [13] but found [12]">
      <![CDATA[java.lang.AssertionError: expected [13] but found [12]
	at testNGScripts.GmailLogin.dumyTest(GmailLogin.java:52)
... Removed 31 stack frames]]>
    </failure>
  </testcase> <!-- dumyTest -->
  <testcase name="navigateToUrl" time="18.067" classname="testNGScripts.GmailLogin"/>
  <testcase name="gmailSignInPage" time="12.175" classname="testNGScripts.GmailLogin"/>
  <testcase name="gmailLogin" time="13.765" classname="testNGScripts.GmailLogin"/>
  <testcase name="gmailLogout" time="0.005" classname="testNGScripts.GmailLogin"/>
</testsuite> <!-- STest -->
