<?xml version="1.0" encoding="UTF-8"?>
<!-- Generated by org.testng.reporters.JUnitXMLReporter -->
<testsuite hostname="admin-PC" ignored="0" name="Test" tests="5" failures="1" timestamp="07 Nov 2017 04:16:36 GMT" time="17.221" errors="0">
  <testcase name="dumyTest" time="0.033" classname="testNGScripts.GmailLogin">
    <failure type="java.lang.AssertionError" message="expected [13] but found [12]">
      <![CDATA[java.lang.AssertionError: expected [13] but found [12]
	at testNGScripts.GmailLogin.dumyTest(GmailLogin.java:52)
... Removed 31 stack frames]]>
    </failure>
  </testcase> <!-- dumyTest -->
  <testcase name="navigateToUrl" time="6.336" classname="testNGScripts.GmailLogin"/>
  <testcase name="gmailSignInPage" time="3.416" classname="testNGScripts.GmailLogin"/>
  <testcase name="gmailLogin" time="3.049" classname="testNGScripts.GmailLogin"/>
  <testcase name="gmailLogout" time="0.003" classname="testNGScripts.GmailLogin"/>
</testsuite> <!-- Test -->
